<?xml version="1.0" encoding="UTF-8"?>
<robot generator="Robot 7.2.2 (Python 3.13.2 on win32)" generated="2025-05-12T14:59:35.719997" rpa="false" schemaversion="5">
<suite id="s1" name="Search Test" source="C:\src\My project\Internship project\lazada-test-automation\Tests\search_test.robot">
<test id="s1-t1" name="Search Product on Automation Test Store" line="8">
<kw name="Open Test Store Homepage" owner="keywords">
<kw name="Open Browser" owner="SeleniumLibrary">
<msg time="2025-05-12T14:59:36.805869" level="INFO">Opening browser 'chrome' to base url 'https://automationteststore.com/'.</msg>
<msg time="2025-05-12T14:59:37.309458" level="WARN">The chromedriver version (133.0.6943.141) detected in PATH at C:\Selenium driver\Chrome driver\chromedriver-win64\chromedriver.exe might not be compatible with the detected chrome version (136.0.7103.93); currently, chromedriver 136.0.7103.92 is recommended for chrome 136.*, so it is advised to delete the driver in PATH and retry</msg>
<msg time="2025-05-12T14:59:40.733759" level="INFO">Cannot capture screenshot because no browser is open.</msg>
<msg time="2025-05-12T14:59:40.734033" level="FAIL">SessionNotCreatedException: Message: session not created: This version of ChromeDriver only supports Chrome version 133
Current browser version is 136.0.7103.93 with binary path C:\Program Files\Google\Chrome\Application\chrome.exe
Stacktrace:
	GetHandleVerifier [0x00007FF673A6C6A5+28789]
	(No symbol) [0x00007FF6739D5B20]
	(No symbol) [0x00007FF673868F9A]
	(No symbol) [0x00007FF6738ACE7B]
	(No symbol) [0x00007FF6738ABEBB]
	(No symbol) [0x00007FF6738A5FDB]
	(No symbol) [0x00007FF6738A15AD]
	(No symbol) [0x00007FF6738F555B]
	(No symbol) [0x00007FF6738F4B30]
	(No symbol) [0x00007FF6738E7103]
	(No symbol) [0x00007FF6738AFFC0]
	(No symbol) [0x00007FF6738B1273]
	GetHandleVerifier [0x00007FF673DB1AED+3458237]
	GetHandleVerifier [0x00007FF673DC829C+3550316]
	GetHandleVerifier [0x00007FF673DBDB9D+3507565]
	GetHandleVerifier [0x00007FF673B32C6A+841274]
	(No symbol) [0x00007FF6739E09EF]
	(No symbol) [0x00007FF6739DCB34]
	(No symbol) [0x00007FF6739DCCD6]
	(No symbol) [0x00007FF6739CC119]
	BaseThreadInitThunk [0x00007FFB488FE8D7+23]
	RtlUserThreadStart [0x00007FFB494B14FC+44]
</msg>
<arg>${TEST_STORE_URL}</arg>
<arg>${BROWSER}</arg>
<doc>Opens a new browser instance to the optional ``url``.</doc>
<status status="FAIL" start="2025-05-12T14:59:36.805651" elapsed="3.933449">SessionNotCreatedException: Message: session not created: This version of ChromeDriver only supports Chrome version 133
Current browser version is 136.0.7103.93 with binary path C:\Program Files\Google\Chrome\Application\chrome.exe
Stacktrace:
	GetHandleVerifier [0x00007FF673A6C6A5+28789]
	(No symbol) [0x00007FF6739D5B20]
	(No symbol) [0x00007FF673868F9A]
	(No symbol) [0x00007FF6738ACE7B]
	(No symbol) [0x00007FF6738ABEBB]
	(No symbol) [0x00007FF6738A5FDB]
	(No symbol) [0x00007FF6738A15AD]
	(No symbol) [0x00007FF6738F555B]
	(No symbol) [0x00007FF6738F4B30]
	(No symbol) [0x00007FF6738E7103]
	(No symbol) [0x00007FF6738AFFC0]
	(No symbol) [0x00007FF6738B1273]
	GetHandleVerifier [0x00007FF673DB1AED+3458237]
	GetHandleVerifier [0x00007FF673DC829C+3550316]
	GetHandleVerifier [0x00007FF673DBDB9D+3507565]
	GetHandleVerifier [0x00007FF673B32C6A+841274]
	(No symbol) [0x00007FF6739E09EF]
	(No symbol) [0x00007FF6739DCB34]
	(No symbol) [0x00007FF6739DCCD6]
	(No symbol) [0x00007FF6739CC119]
	BaseThreadInitThunk [0x00007FFB488FE8D7+23]
	RtlUserThreadStart [0x00007FFB494B14FC+44]
</status>
</kw>
<kw name="Maximize Browser Window" owner="SeleniumLibrary">
<doc>Maximizes current browser window.</doc>
<status status="NOT RUN" start="2025-05-12T14:59:40.739305" elapsed="0.000030"/>
</kw>
<kw name="Wait Until Element Is Visible" owner="SeleniumLibrary">
<arg>xpath=//input[@id='filter_keyword']</arg>
<arg>5s</arg>
<doc>Waits until the element ``locator`` is visible.</doc>
<status status="NOT RUN" start="2025-05-12T14:59:40.739416" elapsed="0.000021"/>
</kw>
<status status="FAIL" start="2025-05-12T14:59:36.805002" elapsed="3.934551">SessionNotCreatedException: Message: session not created: This version of ChromeDriver only supports Chrome version 133
Current browser version is 136.0.7103.93 with binary path C:\Program Files\Google\Chrome\Application\chrome.exe
Stacktrace:
	GetHandleVerifier [0x00007FF673A6C6A5+28789]
	(No symbol) [0x00007FF6739D5B20]
	(No symbol) [0x00007FF673868F9A]
	(No symbol) [0x00007FF6738ACE7B]
	(No symbol) [0x00007FF6738ABEBB]
	(No symbol) [0x00007FF6738A5FDB]
	(No symbol) [0x00007FF6738A15AD]
	(No symbol) [0x00007FF6738F555B]
	(No symbol) [0x00007FF6738F4B30]
	(No symbol) [0x00007FF6738E7103]
	(No symbol) [0x00007FF6738AFFC0]
	(No symbol) [0x00007FF6738B1273]
	GetHandleVerifier [0x00007FF673DB1AED+3458237]
	GetHandleVerifier [0x00007FF673DC829C+3550316]
	GetHandleVerifier [0x00007FF673DBDB9D+3507565]
	GetHandleVerifier [0x00007FF673B32C6A+841274]
	(No symbol) [0x00007FF6739E09EF]
	(No symbol) [0x00007FF6739DCB34]
	(No symbol) [0x00007FF6739DCCD6]
	(No symbol) [0x00007FF6739CC119]
	BaseThreadInitThunk [0x00007FFB488FE8D7+23]
	RtlUserThreadStart [0x00007FFB494B14FC+44]
</status>
</kw>
<kw name="Search for a product" owner="keywords">
<arg>shirt</arg>
<status status="NOT RUN" start="2025-05-12T14:59:40.740137" elapsed="0.000069"/>
</kw>
<kw name="Verify Search Results" owner="keywords">
<status status="NOT RUN" start="2025-05-12T14:59:40.740503" elapsed="0.000029"/>
</kw>
<kw name="Run Keywords" owner="BuiltIn" type="TEARDOWN">
<kw name="Send Search Test Result with Status" owner="keywords">
<kw name="Run Keyword And Return Status" owner="BuiltIn">
<kw name="Verify Search Results" owner="keywords">
<kw name="Page Should Contain Element" owner="SeleniumLibrary">
<msg time="2025-05-12T14:59:40.741872" level="INFO">Cannot capture screenshot because no browser is open.</msg>
<msg time="2025-05-12T14:59:40.741958" level="FAIL">No browser is open.</msg>
<arg>xpath=//*[@id="maincontainer"]/div/div/div/div/div[3]/div[1]</arg>
<doc>Verifies that element ``locator`` is found on the current page.</doc>
<status status="FAIL" start="2025-05-12T14:59:40.741521" elapsed="0.003547">No browser is open.</status>
</kw>
<status status="FAIL" start="2025-05-12T14:59:40.741355" elapsed="0.003876">No browser is open.</status>
</kw>
<msg time="2025-05-12T14:59:40.745326" level="INFO">${status} = False</msg>
<var>${status}</var>
<arg>Verify Search Results</arg>
<doc>Runs the given keyword with given arguments and returns the status as a Boolean value.</doc>
<status status="PASS" start="2025-05-12T14:59:40.741232" elapsed="0.004119"/>
</kw>
<kw name="Set Variable If" owner="BuiltIn">
<msg time="2025-05-12T14:59:40.745606" level="INFO">${message} = Test failed unexpectedly</msg>
<var>${message}</var>
<arg>${status}</arg>
<arg>Item searching completed successfully</arg>
<arg>Test failed unexpectedly</arg>
<doc>Sets variable based on the given condition.</doc>
<status status="PASS" start="2025-05-12T14:59:40.745473" elapsed="0.000155"/>
</kw>
<kw name="Set Variable If" owner="BuiltIn">
<msg time="2025-05-12T14:59:40.745818" level="INFO">${final_status} = Failed</msg>
<var>${final_status}</var>
<arg>${status}</arg>
<arg>Passed</arg>
<arg>Failed</arg>
<doc>Sets variable based on the given condition.</doc>
<status status="PASS" start="2025-05-12T14:59:40.745716" elapsed="0.000123"/>
</kw>
<kw name="Send Test Result" owner="keywords">
<kw name="Create Dictionary" owner="BuiltIn">
<msg time="2025-05-12T14:59:40.746495" level="INFO">${data} = {'test_name': 'Searching process', 'status': 'Failed', 'message': 'Test failed unexpectedly'}</msg>
<var>${data}</var>
<arg>test_name=${test_name}</arg>
<arg>status=${status}</arg>
<arg>message=${message}</arg>
<doc>Creates and returns a dictionary based on the given ``items``.</doc>
<status status="PASS" start="2025-05-12T14:59:40.746202" elapsed="0.000317"/>
</kw>
<kw name="POST" owner="RequestsLibrary">
<msg time="2025-05-12T15:00:01.799478" level="INFO">${response} = None</msg>
<msg time="2025-05-12T15:00:01.799630" level="FAIL">ConnectTimeout: HTTPConnectionPool(host='kthcreation.com', port=80): Max retries exceeded with url: /robot_framework_automation/php/save_test_result.php (Caused by ConnectTimeoutError(&lt;urllib3.connection.HTTPConnection object at 0x0000018C3D964CD0&gt;, 'Connection to kthcreation.com timed out. (connect timeout=None)'))</msg>
<var>${response}</var>
<arg>http://kthcreation.com/robot_framework_automation/php/save_test_result.php</arg>
<arg>json=${data}</arg>
<doc>Sends a POST request.</doc>
<status status="FAIL" start="2025-05-12T14:59:40.746602" elapsed="21.062693">ConnectTimeout: HTTPConnectionPool(host='kthcreation.com', port=80): Max retries exceeded with url: /robot_framework_automation/php/save_test_result.php (Caused by ConnectTimeoutError(&lt;urllib3.connection.HTTPConnection object at 0x0000018C3D964CD0&gt;, 'Connection to kthcreation.com timed out. (connect timeout=None)'))</status>
</kw>
<kw name="Log" owner="BuiltIn">
<msg time="2025-05-12T15:00:01.809904" level="FAIL">Resolving variable '${response.content}' failed: AttributeError: 'NoneType' object has no attribute 'content'</msg>
<arg>Response: ${response.content}</arg>
<doc>Logs the given message with the given level.</doc>
<status status="FAIL" start="2025-05-12T15:00:01.809480" elapsed="0.000457">Resolving variable '${response.content}' failed: AttributeError: 'NoneType' object has no attribute 'content'</status>
</kw>
<arg>Searching process</arg>
<arg>${final_status}</arg>
<arg>${message}</arg>
<status status="FAIL" start="2025-05-12T14:59:40.745959" elapsed="21.064097">Several failures occurred:

1) ConnectTimeout: HTTPConnectionPool(host='kthcreation.com', port=80): Max retries exceeded with url: /robot_framework_automation/php/save_test_result.php (Caused by ConnectTimeoutError(&lt;urllib3.connection.HTTPConnection object at 0x0000018C3D964CD0&gt;, 'Connection to kthcreation.com timed out. (connect timeout=None)'))

2) Resolving variable '${response.content}' failed: AttributeError: 'NoneType' object has no attribute 'content'</status>
</kw>
<doc>Sends test result as Passed or Failed depending on the test outcome.</doc>
<status status="FAIL" start="2025-05-12T14:59:40.741036" elapsed="21.069114">Several failures occurred:

1) ConnectTimeout: HTTPConnectionPool(host='kthcreation.com', port=80): Max retries exceeded with url: /robot_framework_automation/php/save_test_result.php (Caused by ConnectTimeoutError(&lt;urllib3.connection.HTTPConnection object at 0x0000018C3D964CD0&gt;, 'Connection to kthcreation.com timed out. (connect timeout=None)'))

2) Resolving variable '${response.content}' failed: AttributeError: 'NoneType' object has no attribute 'content'</status>
</kw>
<kw name="Close Browser" owner="SeleniumLibrary">
<doc>Closes the current browser.</doc>
<status status="PASS" start="2025-05-12T15:00:01.810262" elapsed="0.000099"/>
</kw>
<arg>Send Search Test Result with Status</arg>
<arg>AND</arg>
<arg>Close Browser</arg>
<doc>Executes all the given keywords in a sequence.</doc>
<status status="FAIL" start="2025-05-12T14:59:40.740845" elapsed="21.069598">Several failures occurred:

1) ConnectTimeout: HTTPConnectionPool(host='kthcreation.com', port=80): Max retries exceeded with url: /robot_framework_automation/php/save_test_result.php (Caused by ConnectTimeoutError(&lt;urllib3.connection.HTTPConnection object at 0x0000018C3D964CD0&gt;, 'Connection to kthcreation.com timed out. (connect timeout=None)'))

2) Resolving variable '${response.content}' failed: AttributeError: 'NoneType' object has no attribute 'content'</status>
</kw>
<status status="FAIL" start="2025-05-12T14:59:36.804354" elapsed="25.006398">SessionNotCreatedException: Message: session not created: This version of ChromeDriver only supports Chrome version 133
Current browser version is 136.0.7103.93 with binary path C:\Program Files\Google\Chrome\Application\chrome.exe
Stacktrace:
	GetHandleVerifier [0x00007FF673A6C6A5+28789]
	(No symbol) [0x00007FF6739D5B20]
	(No symbol) [0x00007FF673868F9A]
	(No symbol) [0x00007FF6738ACE7B]
	(No symbol) [0x00007FF6738ABEBB]
	(No symbol) [0x00007FF6738A5FDB]
	(No symbol) [0x00007FF6738A15AD]
	(No symbol) [0x00007FF6738F555B]
	(No symbol) [0x00007FF6738F4B30]
	(No symbol) [0x00007FF6738E7103]
	(No symbol) [0x00007FF6738AFFC0]
	(No symbol) [0x00007FF6738B1273]
	GetHandleVerifier [0x00007FF673DB1AED+3458237]
	GetHandleVerifier [0x00007FF673DC829C+3550316]
	GetHandleVerifier [0x00007FF673DBDB9D+3507565]
	GetHandleVerifier [0x00007FF673B32C6A+841274]
	(No symbol) [0x00007FF6739E09EF]
	(No symbol) [0x00007FF6739DCB34]
	(No symbol) [0x00007FF6739DCCD6]
	(No symbol) [0x00007FF6739CC119]
	BaseThreadInitThunk [0x00007FFB488FE8D7+23]
	RtlUserThreadStart [0x00007FFB494B14FC+44]


Also teardown failed:
Several failures occurred:

1) ConnectTimeout: HTTPConnectionPool(host='kthcreation.com', port=80): Max retries exceeded with url: /robot_framework_automation/php/save_test_result.php (Caused by ConnectTimeoutError(&lt;urllib3.connection.HTTPConnection object at 0x0000018C3D964CD0&gt;, 'Connection to kthcreation.com timed out. (connect timeout=None)'))

2) Resolving variable '${response.content}' failed: AttributeError: 'NoneType' object has no attribute 'content'</status>
</test>
<status status="FAIL" start="2025-05-12T14:59:35.722267" elapsed="26.089935"/>
</suite>
<statistics>
<total>
<stat pass="0" fail="1" skip="0">All Tests</stat>
</total>
<tag>
</tag>
<suite>
<stat name="Search Test" id="s1" pass="0" fail="1" skip="0">Search Test</stat>
</suite>
</statistics>
<errors>
<msg time="2025-05-12T14:59:37.309458" level="WARN">The chromedriver version (133.0.6943.141) detected in PATH at C:\Selenium driver\Chrome driver\chromedriver-win64\chromedriver.exe might not be compatible with the detected chrome version (136.0.7103.93); currently, chromedriver 136.0.7103.92 is recommended for chrome 136.*, so it is advised to delete the driver in PATH and retry</msg>
</errors>
</robot>
